<?xml version="1.0" encoding="UTF-8"?>
<!-- Generated by org.testng.reporters.JUnitReportReporter -->
<testsuite hostname="DESKTOP-KGUM230" failures="0" tests="1" name="testNG.TestNGTest1" time="0.009" errors="0" timestamp="2022-12-29T16:54:12 IST" skipped="0">
  <testcase classname="testNG.TestNGTest1" name="method1" time="0.009"/>
  <system-out/>
</testsuite> <!-- testNG.TestNGTest1 -->
