<?xml version="1.0" encoding="UTF-8"?>
<!-- Generated by org.testng.reporters.JUnitReportReporter -->
<testsuite hostname="DESKTOP-KGUM230" failures="0" tests="1" name="testNG.Test_Class_login_functionality" time="14.050" errors="0" timestamp="2022-12-29T17:31:06 IST" skipped="0">
  <testcase classname="testNG.Test_Class_login_functionality" name="login_functionality" time="14.050"/>
  <system-out/>
</testsuite> <!-- testNG.Test_Class_login_functionality -->
