<?xml version="1.0" encoding="UTF-8"?>
<!-- Generated by org.testng.reporters.JUnitReportReporter -->
<testsuite hostname="DESKTOP-KGUM230" failures="0" tests="1" name="testNG.Program3TestNHG" time="0.033" errors="0" timestamp="2022-12-29T16:54:12 IST" skipped="0">
  <testcase classname="testNG.Program3TestNHG" name="verifylogin" time="0.033"/>
  <system-out/>
</testsuite> <!-- testNG.Program3TestNHG -->
