<?xml version="1.0" encoding="UTF-8"?>
<!-- Generated by org.testng.reporters.JUnitReportReporter -->
<testsuite hostname="DESKTOP-KGUM230" failures="0" tests="1" name="testNG.Verify_AddToCart_AllProduct" time="13.941" errors="0" timestamp="2022-12-20T14:33:23 IST" skipped="0">
  <testcase classname="testNG.Verify_AddToCart_AllProduct" name="Verify_AddToCart_AllProduct" time="13.941"/>
  <system-out/>
</testsuite> <!-- testNG.Verify_AddToCart_AllProduct -->
