<?xml version="1.0" encoding="UTF-8"?>
<!-- Generated by org.testng.reporters.JUnitReportReporter -->
<testsuite hostname="DESKTOP-KGUM230" failures="0" tests="1" name="testNG.Verify_bag_product_add_to_cart" time="14.659" errors="0" timestamp="2022-12-23T15:51:23 IST" skipped="0">
  <testcase classname="testNG.Verify_bag_product_add_to_cart" name="Verify_bag_product_add_to_cart" time="14.659"/>
  <system-out/>
</testsuite> <!-- testNG.Verify_bag_product_add_to_cart -->
