<?xml version="1.0" encoding="UTF-8"?>
<!-- Generated by org.testng.reporters.JUnitReportReporter -->
<testsuite hostname="DESKTOP-KGUM230" failures="0" tests="2" name="testNG.Program4TestNG" time="0.019" errors="0" timestamp="2022-12-29T16:54:12 IST" skipped="0">
  <testcase classname="testNG.Program4TestNG" name="test" time="0.007"/>
  <system-out/>
  <testcase classname="testNG.Program4TestNG" name="test2" time="0.012"/>
  <system-out/>
</testsuite> <!-- testNG.Program4TestNG -->
