<?xml version="1.0" encoding="UTF-8"?>
<!-- Generated by org.testng.reporters.JUnitReportReporter -->
<testsuite hostname="DESKTOP-KGUM230" failures="0" tests="3" name="testNG.Program1TestNG" time="0.015" errors="0" timestamp="2022-12-29T16:54:12 IST" skipped="0">
  <testcase classname="testNG.Program1TestNG" name="method2" time="0.007"/>
  <system-out/>
  <testcase classname="testNG.Program1TestNG" name="method1" time="0.004"/>
  <system-out/>
  <testcase classname="testNG.Program1TestNG" name="method3" time="0.004"/>
  <system-out/>
</testsuite> <!-- testNG.Program1TestNG -->
